<?xml version="1.0" encoding="UTF-8"?>
<!-- Generated by org.testng.reporters.JUnitReportReporter -->
<testsuite skipped="1" hostname="user" name="rest.commonmethod.SampleTry" tests="2" failures="0" timestamp="23 Jun 2019 21:33:28 GMT" time="0.028" errors="0">
  <testcase name="loadpro" time="0.028" classname="rest.commonmethod.SampleTry"/>
  <testcase name="clickOnbtn" classname="rest.commonmethod.SampleTry">
    <skipped/>
  </testcase> <!-- clickOnbtn -->
</testsuite> <!-- rest.commonmethod.SampleTry -->
