<?xml version="1.0" encoding="UTF-8"?>
<!-- Generated by org.testng.reporters.JUnitReportReporter -->
<testsuite skipped="0" hostname="user" name="rest.commonmethod.SampleTry" tests="1" failures="0" timestamp="20 Jun 2019 11:24:04 GMT" time="28.991" errors="0">
  <testcase name="clickOnbtn" time="28.991" classname="rest.commonmethod.SampleTry"/>
</testsuite> <!-- rest.commonmethod.SampleTry -->
